0 info it worked if it ends with ok
1 verbose cli [ 'node', '/usr/bin/npm', 'publish' ]
2 info using npm@1.2.13
3 info using node@v0.8.21
4 verbose publish [ '.' ]
5 verbose read json /home/jney/src/grunt-rework/package.json
6 verbose cache add [ '.', null ]
7 verbose cache add name=undefined spec="." args=[".",null]
8 verbose parsed url { pathname: '.', path: '.', href: '.' }
9 silly lockFile 3a52ce78- .
10 verbose lock . /home/jney/.npm/3a52ce78-.lock
11 verbose read json package.json
12 verbose tar pack [ '/home/jney/tmp/npm-20309/1362569705545-0.2728144011925906/tmp.tgz',
12 verbose tar pack   '.' ]
13 verbose tarball /home/jney/tmp/npm-20309/1362569705545-0.2728144011925906/tmp.tgz
14 verbose folder .
15 info prepublish grunt-rework@0.0.3
16 silly lockFile 3a52ce78- .
17 verbose lock . /home/jney/.npm/3a52ce78-.lock
18 silly lockFile 1e9d5ffd-05545-0-2728144011925906-tmp-tgz /home/jney/tmp/npm-20309/1362569705545-0.2728144011925906/tmp.tgz
19 verbose lock /home/jney/tmp/npm-20309/1362569705545-0.2728144011925906/tmp.tgz /home/jney/.npm/1e9d5ffd-05545-0-2728144011925906-tmp-tgz.lock
20 silly lockFile 3a52ce78- .
21 silly lockFile 3a52ce78- .
22 silly lockFile 1e9d5ffd-05545-0-2728144011925906-tmp-tgz /home/jney/tmp/npm-20309/1362569705545-0.2728144011925906/tmp.tgz
23 silly lockFile 1e9d5ffd-05545-0-2728144011925906-tmp-tgz /home/jney/tmp/npm-20309/1362569705545-0.2728144011925906/tmp.tgz
24 verbose tar unpack /home/jney/tmp/npm-20309/1362569705545-0.2728144011925906/tmp.tgz
25 silly lockFile 7883d69d-05545-0-2728144011925906-package /home/jney/tmp/npm-20309/1362569705545-0.2728144011925906/package
26 verbose lock /home/jney/tmp/npm-20309/1362569705545-0.2728144011925906/package /home/jney/.npm/7883d69d-05545-0-2728144011925906-package.lock
27 silly lockFile 1e9d5ffd-05545-0-2728144011925906-tmp-tgz /home/jney/tmp/npm-20309/1362569705545-0.2728144011925906/tmp.tgz
28 verbose lock /home/jney/tmp/npm-20309/1362569705545-0.2728144011925906/tmp.tgz /home/jney/.npm/1e9d5ffd-05545-0-2728144011925906-tmp-tgz.lock
29 silly gunzTarPerm modes [ '755', '644' ]
30 silly gunzTarPerm extractEntry package.json
31 silly gunzTarPerm extractEntry .npmignore
32 silly gunzTarPerm extractEntry README.md
33 silly gunzTarPerm extractEntry Gruntfile.js
34 silly gunzTarPerm extractEntry LICENSE-MIT
35 silly gunzTarPerm extractEntry .travis.yml
36 silly gunzTarPerm extractEntry tasks/grunt-rework.js
37 silly gunzTarPerm extractEntry src
38 silly gunzTarPerm extractEntry bin/grunt-rework
39 silly gunzTarPerm extractEntry test/rework_test.js
40 silly gunzTarPerm extractEntry test/fixtures/output/index.html
41 silly gunzTarPerm extractEntry test/fixtures/output/index2.html
42 silly gunzTarPerm extractEntry test/fixtures/output/index.css
43 silly gunzTarPerm extractEntry test/fixtures/index.css
44 silly gunzTarPerm extractEntry test/expected/index.css
45 verbose read json /home/jney/tmp/npm-20309/1362569705545-0.2728144011925906/package/package.json
46 silly lockFile 7883d69d-05545-0-2728144011925906-package /home/jney/tmp/npm-20309/1362569705545-0.2728144011925906/package
47 silly lockFile 7883d69d-05545-0-2728144011925906-package /home/jney/tmp/npm-20309/1362569705545-0.2728144011925906/package
48 silly lockFile 1e9d5ffd-05545-0-2728144011925906-tmp-tgz /home/jney/tmp/npm-20309/1362569705545-0.2728144011925906/tmp.tgz
49 silly lockFile 1e9d5ffd-05545-0-2728144011925906-tmp-tgz /home/jney/tmp/npm-20309/1362569705545-0.2728144011925906/tmp.tgz
50 verbose from cache /home/jney/tmp/npm-20309/1362569705545-0.2728144011925906/package/package.json
51 verbose tar pack [ '/home/jney/.npm/grunt-rework/0.0.3/package.tgz',
51 verbose tar pack   '/home/jney/tmp/npm-20309/1362569705545-0.2728144011925906/package' ]
52 verbose tarball /home/jney/.npm/grunt-rework/0.0.3/package.tgz
53 verbose folder /home/jney/tmp/npm-20309/1362569705545-0.2728144011925906/package
54 silly lockFile 7883d69d-05545-0-2728144011925906-package /home/jney/tmp/npm-20309/1362569705545-0.2728144011925906/package
55 verbose lock /home/jney/tmp/npm-20309/1362569705545-0.2728144011925906/package /home/jney/.npm/7883d69d-05545-0-2728144011925906-package.lock
56 silly lockFile cd38139d-m-grunt-rework-0-0-3-package-tgz /home/jney/.npm/grunt-rework/0.0.3/package.tgz
57 verbose lock /home/jney/.npm/grunt-rework/0.0.3/package.tgz /home/jney/.npm/cd38139d-m-grunt-rework-0-0-3-package-tgz.lock
58 silly lockFile 7883d69d-05545-0-2728144011925906-package /home/jney/tmp/npm-20309/1362569705545-0.2728144011925906/package
59 silly lockFile 7883d69d-05545-0-2728144011925906-package /home/jney/tmp/npm-20309/1362569705545-0.2728144011925906/package
60 silly lockFile cd38139d-m-grunt-rework-0-0-3-package-tgz /home/jney/.npm/grunt-rework/0.0.3/package.tgz
61 silly lockFile cd38139d-m-grunt-rework-0-0-3-package-tgz /home/jney/.npm/grunt-rework/0.0.3/package.tgz
62 silly lockFile 981a5b6b-y-npm-grunt-rework-0-0-3-package /home/jney/.npm/grunt-rework/0.0.3/package
63 verbose lock /home/jney/.npm/grunt-rework/0.0.3/package /home/jney/.npm/981a5b6b-y-npm-grunt-rework-0-0-3-package.lock
64 silly lockFile 981a5b6b-y-npm-grunt-rework-0-0-3-package /home/jney/.npm/grunt-rework/0.0.3/package
65 silly lockFile 981a5b6b-y-npm-grunt-rework-0-0-3-package /home/jney/.npm/grunt-rework/0.0.3/package
66 verbose tar unpack /home/jney/.npm/grunt-rework/0.0.3/package.tgz
67 silly lockFile 981a5b6b-y-npm-grunt-rework-0-0-3-package /home/jney/.npm/grunt-rework/0.0.3/package
68 verbose lock /home/jney/.npm/grunt-rework/0.0.3/package /home/jney/.npm/981a5b6b-y-npm-grunt-rework-0-0-3-package.lock
69 silly lockFile cd38139d-m-grunt-rework-0-0-3-package-tgz /home/jney/.npm/grunt-rework/0.0.3/package.tgz
70 verbose lock /home/jney/.npm/grunt-rework/0.0.3/package.tgz /home/jney/.npm/cd38139d-m-grunt-rework-0-0-3-package-tgz.lock
71 silly gunzTarPerm modes [ '755', '644' ]
72 silly gunzTarPerm extractEntry package.json
73 silly gunzTarPerm extractEntry .npmignore
74 silly gunzTarPerm extractEntry README.md
75 silly gunzTarPerm extractEntry Gruntfile.js
76 silly gunzTarPerm extractEntry tasks/grunt-rework.js
77 silly gunzTarPerm extractEntry .travis.yml
78 silly gunzTarPerm extractEntry LICENSE-MIT
79 silly gunzTarPerm extractEntry src
80 silly gunzTarPerm extractEntry bin/grunt-rework
81 silly gunzTarPerm extractEntry test/rework_test.js
82 silly gunzTarPerm extractEntry test/fixtures/output/index.html
83 silly gunzTarPerm extractEntry test/fixtures/output/index2.html
84 silly gunzTarPerm extractEntry test/fixtures/output/index.css
85 silly gunzTarPerm extractEntry test/fixtures/index.css
86 silly gunzTarPerm extractEntry test/expected/index.css
87 verbose read json /home/jney/.npm/grunt-rework/0.0.3/package/package.json
88 silly lockFile 981a5b6b-y-npm-grunt-rework-0-0-3-package /home/jney/.npm/grunt-rework/0.0.3/package
89 silly lockFile 981a5b6b-y-npm-grunt-rework-0-0-3-package /home/jney/.npm/grunt-rework/0.0.3/package
90 silly lockFile cd38139d-m-grunt-rework-0-0-3-package-tgz /home/jney/.npm/grunt-rework/0.0.3/package.tgz
91 silly lockFile cd38139d-m-grunt-rework-0-0-3-package-tgz /home/jney/.npm/grunt-rework/0.0.3/package.tgz
92 silly shasum updated bytes 3481
93 info shasum 376a725a39ea1518fc9b0440ec704f76b1f8d637
93 info shasum /home/jney/.npm/grunt-rework/0.0.3/package.tgz
94 verbose from cache /home/jney/.npm/grunt-rework/0.0.3/package/package.json
95 verbose chmod /home/jney/.npm/grunt-rework/0.0.3/package.tgz 644
96 verbose chown /home/jney/.npm/grunt-rework/0.0.3/package.tgz [ 1000, 100 ]
97 silly lockFile 3a52ce78- .
98 silly publish { name: 'grunt-rework',
98 silly publish   description: 'work on your css files with rework',
98 silly publish   version: '0.0.3',
98 silly publish   homepage: 'https://github.com/jney/grunt-rework',
98 silly publish   author: { name: 'Jean-Sébastien Ney', url: 'http://github.com/jney/' },
98 silly publish   repository: { type: 'git', url: 'git://github.com/jney/grunt-rework.git' },
98 silly publish   bugs: { url: 'https://github.com/jney/grunt-rework/issues' },
98 silly publish   licenses:
98 silly publish    [ { type: 'MIT',
98 silly publish        url: 'https://github.com/jney/grunt-rework/blob/master/LICENSE-MIT' } ],
98 silly publish   main: 'grunt.js',
98 silly publish   bin: { 'grunt-rework': 'bin/grunt-rework' },
98 silly publish   engines: { node: '*' },
98 silly publish   scripts: { test: './node_modules/grunt-cli/bin/grunt test' },
98 silly publish   dependencies: { rework: '0.13.2' },
98 silly publish   devDependencies:
98 silly publish    { grunt: '~0.4.0',
98 silly publish      'grunt-cli': '*',
98 silly publish      'grunt-contrib-clean': '~0.4.0',
98 silly publish      'grunt-contrib-jshint': '0.1.1rc5',
98 silly publish      'grunt-contrib-nodeunit': '*' },
98 silly publish   keywords: [ 'gruntplugin', 'rework' ],
98 silly publish   readme: '[![build status](https://secure.travis-ci.org/jney/grunt-rework.png)](http://travis-ci.org/jney/grunt-rework)\n# grunt-rework\n\n[Grunt][grunt] plugin to [rework][rework] your css files.\n\n## Getting Started\n\nInstall this grunt plugin next to your project\'s [Gruntfile][getting_started] with: `npm install grunt-rework`\n\nThen add this line to your project\'s `gruntejs` gruntfile:\n\n```javascript\ngrunt.loadNpmTasks(\'grunt-rework\');\n```\n\nThen specify what files to compress in your config:\n\n```javascript\ngrunt.initConfig({\n  rework: {\n    \'dest/index.css\': \'src/index.css\',\n    options: {\n      toString: {compress: true},\n      use: [\n        [\'rework.keyframes\'],\n        [\'rework.prefix\', \'border-radius\'],\n        [\'rework.prefix\', \'box-shadow\']\n      ],\n      vendors: [\'-moz-\', \'-webkit-\']\n    }\n  }\n});\n```\n### Options\n\n#### rework options\n\n##### vendors(prefixes)\n\nDefine vendor prefixes that plugins may utilize.\n\n##### use(fn)\n\nUse the given plugin fn.\n\n##### toString(options)\n\nReturn the string representation of the manipulated css. Optionally you may compress the output with .toString({ compress: true })\n\n#### input/output files\n\n`src` source string\n`processName` can help you formating the output instead of using `dest`\n\n[grunt]: https://github.com/gruntjs/grunt\n[getting_started]: http://gruntjs.com/getting-started\n[rework]: https://github.com/visionmedia/rework\n\n## Release History\n* 0.0.3 New `use` syntax\n* 0.0.2 Allow use of rework or own functions\n* 0.0.1 First Release\n\n## License\nCopyright (c) 2013 Jean-Sébastien Ney\nLicensed under the MIT license.\n',
98 silly publish   readmeFilename: 'README.md',
98 silly publish   _id: 'grunt-rework@0.0.3',
98 silly publish   dist: { shasum: '376a725a39ea1518fc9b0440ec704f76b1f8d637' },
98 silly publish   _from: '.' }
99 verbose url raw grunt-rework
100 verbose url resolving [ 'https://registry.npmjs.org/', './grunt-rework' ]
101 verbose url resolved https://registry.npmjs.org/grunt-rework
102 info trying registry request attempt 1 at 12:35:16
103 http PUT https://registry.npmjs.org/grunt-rework
104 http 409 https://registry.npmjs.org/grunt-rework
105 verbose url raw grunt-rework
106 verbose url resolving [ 'https://registry.npmjs.org/', './grunt-rework' ]
107 verbose url resolved https://registry.npmjs.org/grunt-rework
108 info trying registry request attempt 1 at 12:35:18
109 http GET https://registry.npmjs.org/grunt-rework
110 http 200 https://registry.npmjs.org/grunt-rework
111 error publish fail Cannot publish over existing version.
111 error publish fail Update the 'version' field in package.json and try again.
111 error publish fail
111 error publish fail If the previous version was published in error, see:
111 error publish fail     npm help unpublish
111 error publish fail
111 error publish fail To automatically increment version numbers, see:
111 error publish fail     npm help version
112 error System Linux 3.7.9-2-ARCH
113 error command "node" "/usr/bin/npm" "publish"
114 error cwd /home/jney/src/grunt-rework
115 error node -v v0.8.21
116 error npm -v 1.2.13
117 error code EPUBLISHCONFLICT
118 verbose exit [ 1, true ]
